#
# A fatal error has been detected by the Java Runtime Environment:
#
#  Internal Error (javaClasses.cpp:127), pid=6312, tid=5152
#  fatal error: Invalid layout of preloaded class
#
# JRE version:  (8.0_40-b26) (build )
# Java VM: Java HotSpot(TM) 64-Bit Server VM (25.40-b25 mixed mode windows-amd64 compressed oops)
# Failed to write core dump. Minidumps are not enabled by default on client versions of Windows
#
# If you would like to submit a bug report, please visit:
#   http://bugreport.java.com/bugreport/crash.jsp
#

---------------  T H R E A D  ---------------

Current thread (0x0000000002bb0800):  JavaThread "Unknown thread" [_thread_in_vm, id=5152, stack(0x0000000002a90000,0x0000000002b90000)]

Stack: [0x0000000002a90000,0x0000000002b90000]
Native frames: (J=compiled Java code, j=interpreted, Vv=VM code, C=native code)
V  [jvm.dll+0x32b47a]
V  [jvm.dll+0x2797f3]
V  [jvm.dll+0x27a489]
V  [jvm.dll+0x271726]
V  [jvm.dll+0x67fd3]
V  [jvm.dll+0x680c3]
V  [jvm.dll+0x7d63a]
V  [jvm.dll+0x7d9a6]
V  [jvm.dll+0xf2077]
V  [jvm.dll+0xf2406]
V  [jvm.dll+0x20f107]
V  [jvm.dll+0x240d9a]
V  [jvm.dll+0x15b941]
C  [javaw.exe+0x217e]
C  [javaw.exe+0xcd17]
C  [javaw.exe+0xcdab]
C  [KERNEL32.DLL+0x13d2]
C  [ntdll.dll+0x15444]


---------------  P R O C E S S  ---------------

Java Threads: ( => current thread )

Other Threads:

=>0x0000000002bb0800 (exited) JavaThread "Unknown thread" [_thread_in_vm, id=5152, stack(0x0000000002a90000,0x0000000002b90000)]

VM state:not at safepoint (not fully initialized)

VM Mutex/Monitor currently owned by a thread: None

GC Heap History (0 events):
No events

Deoptimization events (0 events):
No events

Internal exceptions (0 events):
No events

Events (10 events):
Event: 0.011 loading class java/lang/CharSequence done
Event: 0.011 loading class java/lang/String done
Event: 0.011 loading class java/lang/Class
Event: 0.011 loading class java/lang/reflect/AnnotatedElement
Event: 0.011 loading class java/lang/reflect/AnnotatedElement done
Event: 0.011 loading class java/lang/reflect/GenericDeclaration
Event: 0.011 loading class java/lang/reflect/GenericDeclaration done
Event: 0.011 loading class java/lang/reflect/Type
Event: 0.011 loading class java/lang/reflect/Type done
Event: 0.011 loading class java/lang/Class done


Dynamic libraries:
0x00007ff6b6a90000 - 0x00007ff6b6ac7000 	C:\Program Files\Java\jdk1.8.0_40\bin\javaw.exe
0x00007ffe10ac0000 - 0x00007ffe10c6c000 	C:\WINDOWS\SYSTEM32\ntdll.dll
0x00007ffe0e690000 - 0x00007ffe0e7ce000 	C:\WINDOWS\system32\KERNEL32.DLL
0x00007ffe0dce0000 - 0x00007ffe0ddf5000 	C:\WINDOWS\system32\KERNELBASE.dll
0x00007ffe0c7b0000 - 0x00007ffe0c83e000 	C:\WINDOWS\system32\apphelp.dll
0x00007ffdf9820000 - 0x00007ffdf9873000 	C:\WINDOWS\AppPatch\AppPatch64\AcGenral.DLL
0x00007ffe0e140000 - 0x00007ffe0e1ea000 	C:\WINDOWS\system32\msvcrt.dll
0x00007ffe0da40000 - 0x00007ffe0da6e000 	C:\WINDOWS\SYSTEM32\SspiCli.dll
0x00007ffe0e540000 - 0x00007ffe0e594000 	C:\WINDOWS\system32\SHLWAPI.dll
0x00007ffe10860000 - 0x00007ffe109d7000 	C:\WINDOWS\system32\USER32.dll
0x00007ffe0e980000 - 0x00007ffe0eb14000 	C:\WINDOWS\system32\ole32.dll
0x00007ffe0f340000 - 0x00007ffe10858000 	C:\WINDOWS\system32\SHELL32.dll
0x00007ffe0d1b0000 - 0x00007ffe0d1d1000 	C:\WINDOWS\SYSTEM32\USERENV.dll
0x00007ffe0f290000 - 0x00007ffe0f33a000 	C:\WINDOWS\system32\ADVAPI32.dll
0x00007ffe04b40000 - 0x00007ffe04b5e000 	C:\WINDOWS\SYSTEM32\MPR.dll
0x00007ffe0e290000 - 0x00007ffe0e3d1000 	C:\WINDOWS\system32\RPCRT4.dll
0x00007ffe0ef90000 - 0x00007ffe0efe9000 	C:\WINDOWS\SYSTEM32\sechost.dll
0x00007ffe0eb20000 - 0x00007ffe0ed31000 	C:\WINDOWS\SYSTEM32\combase.dll
0x00007ffe0e3e0000 - 0x00007ffe0e531000 	C:\WINDOWS\system32\GDI32.dll
0x00007ffe0dc10000 - 0x00007ffe0dc25000 	C:\WINDOWS\SYSTEM32\profapi.dll
0x00007ffe0bfb0000 - 0x00007ffe0c062000 	C:\WINDOWS\SYSTEM32\SHCORE.dll
0x00007ffe0e1f0000 - 0x00007ffe0e226000 	C:\WINDOWS\system32\IMM32.DLL
0x00007ffe0f130000 - 0x00007ffe0f282000 	C:\WINDOWS\system32\MSCTF.dll
0x00007ffe0b870000 - 0x00007ffe0baea000 	C:\WINDOWS\WinSxS\amd64_microsoft.windows.common-controls_6595b64144ccf1df_6.0.9600.17810_none_6240b9c7ecbd0bda\COMCTL32.dll
0x000000006e330000 - 0x000000006e402000 	C:\Program Files\Java\jdk1.8.0_40\jre\bin\msvcr100.dll
0x000000006daa0000 - 0x000000006e323000 	C:\Program Files\Java\jdk1.8.0_40\jre\bin\server\jvm.dll
0x00007ffe04a50000 - 0x00007ffe04a59000 	C:\WINDOWS\SYSTEM32\WSOCK32.dll
0x00007ffe082b0000 - 0x00007ffe082d2000 	C:\WINDOWS\SYSTEM32\WINMM.dll
0x00007ffe0bcd0000 - 0x00007ffe0bcda000 	C:\WINDOWS\SYSTEM32\VERSION.dll
0x00007ffe10ab0000 - 0x00007ffe10ab7000 	C:\WINDOWS\system32\PSAPI.DLL
0x00007ffe0e230000 - 0x00007ffe0e28a000 	C:\WINDOWS\system32\WS2_32.dll
0x00007ffe08240000 - 0x00007ffe0826a000 	C:\WINDOWS\SYSTEM32\WINMMBASE.dll
0x00007ffe0e5a0000 - 0x00007ffe0e5a9000 	C:\WINDOWS\system32\NSI.dll
0x00007ffe0e0f0000 - 0x00007ffe0e13f000 	C:\WINDOWS\SYSTEM32\cfgmgr32.dll
0x00007ffe0ca30000 - 0x00007ffe0ca58000 	C:\WINDOWS\SYSTEM32\DEVOBJ.dll
0x000000006da90000 - 0x000000006da9f000 	C:\Program Files\Java\jdk1.8.0_40\jre\bin\verify.dll
0x000000006da60000 - 0x000000006da89000 	C:\Program Files\Java\jdk1.8.0_40\jre\bin\java.dll
0x000000006da40000 - 0x000000006da56000 	C:\Program Files\Java\jdk1.8.0_40\jre\bin\zip.dll
0x00007ffdfe740000 - 0x00007ffdfe8c9000 	C:\WINDOWS\SYSTEM32\dbghelp.dll

VM Arguments:
jvm_args: -Dfile.encoding=Cp1251 -Xbootclasspath:C:\Users\Андрей\android-sdks\platforms\android-22\android.jar 
java_command: ru.r8digitaltech7.shoppingmap.List
java_class_path (initial): C:\Users\Андрей\workspace_new\Shoppingmap_3\bin\classes;C:\Users\Андрей\AppData\Local\Android\sdk1\extras\android\support\v7\appcompat\libs\android-support-v4.jar;C:\Users\Андрей\AppData\Local\Android\sdk1\extras\android\support\v7\appcompat\libs\android-support-v7-appcompat.jar;C:\Users\Андрей\AppData\Local\Android\sdk1\extras\android\m2repository\com\android\support\appcompat-v7\22.1.1\appcompat-v7-22.1.1-sources.jar;C:\Users\Андрей\AppData\Local\Android\sdk1\extras\android\m2repository\com\android\support\appcompat-v7\22.1.0\appcompat-v7-22.1.0-sources.jar;C:\Users\Андрей\AppData\Local\Android\sdk1\extras\android\support\v7\appcompat\bin\android-support-v7-appcompat.jar
Launcher Type: SUN_STANDARD

Environment Variables:
PATH=C:\ProgramData\Oracle\Java\javapath;C:\app\Ora\product\12.1.0\dbhome_1\bin;C:\WINDOWS\system32;C:\WINDOWS;C:\WINDOWS\System32\Wbem;C:\WINDOWS\System32\WindowsPowerShell\v1.0\;C:\Program Files (x86)\ATI Technologies\ATI.ACE\Core-Static
USERNAME=Андрей
OS=Windows_NT
PROCESSOR_IDENTIFIER=Intel64 Family 6 Model 58 Stepping 9, GenuineIntel



---------------  S Y S T E M  ---------------

OS: Windows 8.1 , 64 bit Build 9600 (6.3.9600.17415)

CPU:total 8 (4 cores per cpu, 2 threads per core) family 6 model 58 stepping 9, cmov, cx8, fxsr, mmx, sse, sse2, sse3, ssse3, sse4.1, sse4.2, popcnt, avx, aes, clmul, erms, ht, tsc, tscinvbit, tscinv

Memory: 4k page, physical 8277404k(5071392k free), swap 9588128k(5599008k free)

vm_info: Java HotSpot(TM) 64-Bit Server VM (25.40-b25) for windows-amd64 JRE (1.8.0_40-b26), built on Mar  7 2015 13:51:59 by "java_re" with MS VC++ 10.0 (VS2010)

time: Sun Jun 28 15:13:10 2015
elapsed time: 0 seconds (0d 0h 0m 0s)

